2017-11-23 22:58:18,295 INFO o.a.j.u.JMeterUtils: Setting Locale to zh_CN
2017-11-23 22:58:18,314 INFO o.a.j.JMeter: Loading user properties from: /usr/local/Cellar/jmeter/3.3/libexec/bin/user.properties
2017-11-23 22:58:18,315 INFO o.a.j.JMeter: Loading system properties from: /usr/local/Cellar/jmeter/3.3/libexec/bin/system.properties
2017-11-23 22:58:18,321 INFO o.a.j.JMeter: Copyright (c) 1998-2017 The Apache Software Foundation
2017-11-23 22:58:18,321 INFO o.a.j.JMeter: Version 3.3 r1808647
2017-11-23 22:58:18,321 INFO o.a.j.JMeter: java.version=1.8.0_141
2017-11-23 22:58:18,322 INFO o.a.j.JMeter: java.vm.name=Java HotSpot(TM) 64-Bit Server VM
2017-11-23 22:58:18,322 INFO o.a.j.JMeter: os.name=Mac OS X
2017-11-23 22:58:18,322 INFO o.a.j.JMeter: os.arch=x86_64
2017-11-23 22:58:18,322 INFO o.a.j.JMeter: os.version=10.12.6
2017-11-23 22:58:18,322 INFO o.a.j.JMeter: file.encoding=UTF-8
2017-11-23 22:58:18,322 INFO o.a.j.JMeter: Max memory     =536870912
2017-11-23 22:58:18,322 INFO o.a.j.JMeter: Available Processors =4
2017-11-23 22:58:18,332 INFO o.a.j.JMeter: Default Locale=中文 (中国)
2017-11-23 22:58:18,332 INFO o.a.j.JMeter: JMeter  Locale=中文 (中国)
2017-11-23 22:58:18,332 INFO o.a.j.JMeter: JMeterHome=/usr/local/Cellar/jmeter/3.3/libexec
2017-11-23 22:58:18,332 INFO o.a.j.JMeter: user.dir  =/Users/fuyiweng/Documents/study/python_work
2017-11-23 22:58:18,332 INFO o.a.j.JMeter: PWD       =/Users/fuyiweng/Documents/study/python_work
2017-11-23 22:58:18,338 INFO o.a.j.JMeter: IP: 192.168.31.188 Name: fuyiwengdeMacBook-Pro.local FullName: 192.168.31.188
2017-11-23 22:58:20,743 INFO o.a.j.g.a.LookAndFeelCommand: Using look and feel: com.apple.laf.AquaLookAndFeel [Mac OS X, System]
2017-11-23 22:58:20,749 INFO o.a.j.JMeter: Loaded icon properties from org/apache/jmeter/images/icon.properties
2017-11-23 22:58:21,575 INFO o.a.j.e.u.CompoundVariable: Note: Function class names must contain the string: '.functions.'
2017-11-23 22:58:21,575 INFO o.a.j.e.u.CompoundVariable: Note: Function class names must not contain the string: '.gui.'
2017-11-23 22:58:22,914 INFO o.a.j.g.u.MenuFactory: Skipping org.apache.jmeter.assertions.BSFAssertion
2017-11-23 22:58:23,890 INFO o.a.j.g.u.MenuFactory: Skipping org.apache.jmeter.extractor.BSFPostProcessor
2017-11-23 22:58:23,938 INFO o.a.j.g.u.MenuFactory: Skipping org.apache.jmeter.modifiers.BSFPreProcessor
2017-11-23 22:58:23,983 INFO o.a.j.p.h.s.HTTPSamplerBase: Parser for text/html is org.apache.jmeter.protocol.http.parser.LagartoBasedHtmlParser
2017-11-23 22:58:23,984 INFO o.a.j.p.h.s.HTTPSamplerBase: Parser for application/xhtml+xml is org.apache.jmeter.protocol.http.parser.LagartoBasedHtmlParser
2017-11-23 22:58:23,984 INFO o.a.j.p.h.s.HTTPSamplerBase: Parser for application/xml is org.apache.jmeter.protocol.http.parser.LagartoBasedHtmlParser
2017-11-23 22:58:23,984 INFO o.a.j.p.h.s.HTTPSamplerBase: Parser for text/xml is org.apache.jmeter.protocol.http.parser.LagartoBasedHtmlParser
2017-11-23 22:58:23,984 INFO o.a.j.p.h.s.HTTPSamplerBase: Parser for text/vnd.wap.wml is org.apache.jmeter.protocol.http.parser.RegexpHTMLParser
2017-11-23 22:58:23,984 INFO o.a.j.p.h.s.HTTPSamplerBase: Parser for text/css is org.apache.jmeter.protocol.http.parser.CssParser
2017-11-23 22:58:24,459 INFO o.a.j.e.KeyToolUtils: keytool found at 'keytool'
2017-11-23 22:58:24,460 INFO o.a.j.p.h.p.ProxyControl: HTTP(S) Test Script Recorder SSL Proxy will use keys that support embedded 3rd party resources in file /usr/local/Cellar/jmeter/3.3/libexec/bin/proxyserver.jks
2017-11-23 22:58:24,669 INFO o.a.j.g.u.MenuFactory: Skipping org.apache.jmeter.protocol.java.sampler.BSFSampler
2017-11-23 22:58:24,725 INFO o.a.j.s.FileServer: Default base='/Users/fuyiweng/Documents/study/python_work'
2017-11-23 22:58:24,853 INFO o.a.j.g.u.MenuFactory: Skipping org.apache.jmeter.protocol.mongodb.config.MongoSourceElement
2017-11-23 22:58:24,853 INFO o.a.j.g.u.MenuFactory: Skipping org.apache.jmeter.protocol.mongodb.sampler.MongoScriptSampler
2017-11-23 22:58:25,016 INFO o.a.j.g.u.MenuFactory: Skipping org.apache.jmeter.timers.BSFTimer
2017-11-23 22:58:25,051 INFO o.a.j.g.u.MenuFactory: Skipping org.apache.jmeter.visualizers.BSFListener
2017-11-23 22:58:25,243 INFO o.a.j.s.SampleResult: Note: Sample TimeStamps are START times
2017-11-23 22:58:25,243 INFO o.a.j.s.SampleResult: sampleresult.default.encoding is set to ISO-8859-1
2017-11-23 22:58:25,244 INFO o.a.j.s.SampleResult: sampleresult.useNanoTime=true
2017-11-23 22:58:25,244 INFO o.a.j.s.SampleResult: sampleresult.nanoThreadSleep=5000
